<?xml version="1.0" encoding="UTF-8"?>
<robot generator="Robot 3.1.2 (Python 3.8.1 on win32)" generated="20200417 11:38:00.723" rpa="false">
<suite id="s1" name="Selectdropdown" source="C:\Users\Dell\PycharmProjects\EndtoEndProject\TestCases\Selectdropdown.robot">
<test id="s1-t1" name="SingleCheckboxTC1">
<kw name="Open My Browser" library="SharedKeywords">
<arguments>
<arg>${url}</arg>
<arg>${Browser}</arg>
</arguments>
<kw name="Open Browser" library="SeleniumLibrary">
<doc>Opens a new browser instance to the optional ``url``.</doc>
<arguments>
<arg>${url}</arg>
<arg>${Browser}</arg>
</arguments>
<msg timestamp="20200417 11:38:01.041" level="INFO">Opening browser 'chrome' to base url 'https://www.seleniumeasy.com/test/'.</msg>
<status status="PASS" starttime="20200417 11:38:01.041" endtime="20200417 11:38:18.069"></status>
</kw>
<kw name="Maximize Browser Window" library="SeleniumLibrary">
<doc>Maximizes current browser window.</doc>
<status status="PASS" starttime="20200417 11:38:18.070" endtime="20200417 11:38:22.214"></status>
</kw>
<kw name="Sleep" library="BuiltIn">
<doc>Pauses the test executed for the given time.</doc>
<arguments>
<arg>3 seconds</arg>
</arguments>
<msg timestamp="20200417 11:38:25.216" level="INFO">Slept 3 seconds</msg>
<status status="PASS" starttime="20200417 11:38:22.214" endtime="20200417 11:38:25.216"></status>
</kw>
<status status="PASS" starttime="20200417 11:38:01.040" endtime="20200417 11:38:25.217"></status>
</kw>
<kw name="ClickInputForm" library="SharedKeywords">
<kw name="Click Link" library="SeleniumLibrary">
<doc>Clicks a link identified by ``locator``.</doc>
<arguments>
<arg>${ClickInputForm}</arg>
</arguments>
<msg timestamp="20200417 11:38:25.219" level="INFO">Clicking link 'xpath://*[@class='dropdown-toggle']'.</msg>
<status status="PASS" starttime="20200417 11:38:25.219" endtime="20200417 11:38:25.351"></status>
</kw>
<status status="PASS" starttime="20200417 11:38:25.218" endtime="20200417 11:38:25.351"></status>
</kw>
<kw name="ClickSelectdropdownform" library="InputformKeywords">
<kw name="Click Link" library="SeleniumLibrary">
<doc>Clicks a link identified by ``locator``.</doc>
<arguments>
<arg>${Selectdropdownlink}</arg>
</arguments>
<msg timestamp="20200417 11:38:25.353" level="INFO">Clicking link 'xpath://a[@href='./basic-select-dropdown-demo.html']'.</msg>
<status status="PASS" starttime="20200417 11:38:25.352" endtime="20200417 11:38:25.813"></status>
</kw>
<status status="PASS" starttime="20200417 11:38:25.352" endtime="20200417 11:38:25.813"></status>
</kw>
<kw name="Select From List By Value" library="SeleniumLibrary">
<doc>Selects options from selection list ``locator`` by ``values``.</doc>
<arguments>
<arg>select-demo</arg>
<arg>Tuesday</arg>
</arguments>
<msg timestamp="20200417 11:38:25.814" level="INFO">Selecting options from selection list 'select-demo' by value Tuesday.</msg>
<status status="PASS" starttime="20200417 11:38:25.814" endtime="20200417 11:38:25.909"></status>
</kw>
<kw name="Sleep" library="BuiltIn">
<doc>Pauses the test executed for the given time.</doc>
<arguments>
<arg>3 Seconds</arg>
</arguments>
<msg timestamp="20200417 11:38:28.910" level="INFO">Slept 3 seconds</msg>
<status status="PASS" starttime="20200417 11:38:25.909" endtime="20200417 11:38:28.910"></status>
</kw>
<kw name="Verify Select dropdown Message" library="InputformKeywords">
<kw name="Element Text Should Be" library="SeleniumLibrary">
<doc>Verifies that element ``locator`` contains exact the text ``expected``.</doc>
<arguments>
<arg>${VerifySelectdropdownMessage}</arg>
<arg>${Message}</arg>
</arguments>
<msg timestamp="20200417 11:38:28.912" level="INFO">Verifying element 'xpath://*[@class='selected-value']' contains exact text 'Day selected :- Tuesday'.</msg>
<status status="PASS" starttime="20200417 11:38:28.912" endtime="20200417 11:38:28.955"></status>
</kw>
<status status="PASS" starttime="20200417 11:38:28.911" endtime="20200417 11:38:28.955"></status>
</kw>
<kw name="Close My Browser" library="SharedKeywords">
<kw name="Close Browser" library="SeleniumLibrary">
<doc>Closes the current browser.</doc>
<status status="PASS" starttime="20200417 11:38:28.956" endtime="20200417 11:38:31.130"></status>
</kw>
<status status="PASS" starttime="20200417 11:38:28.956" endtime="20200417 11:38:31.130"></status>
</kw>
<status status="PASS" starttime="20200417 11:38:01.039" endtime="20200417 11:38:31.132" critical="yes"></status>
</test>
<status status="PASS" starttime="20200417 11:38:00.725" endtime="20200417 11:38:31.137"></status>
</suite>
<statistics>
<total>
<stat pass="1" fail="0">Critical Tests</stat>
<stat pass="1" fail="0">All Tests</stat>
</total>
<tag>
</tag>
<suite>
<stat pass="1" fail="0" id="s1" name="Selectdropdown">Selectdropdown</stat>
</suite>
</statistics>
<errors>
<msg timestamp="20200417 11:38:01.026" level="WARN">Collapsing consecutive whitespace during parsing is deprecated. Fix ' #' in file 'C:\Users\Dell\PycharmProjects\EndtoEndProject\Resources\InputformKeywords.robot' on line 13.</msg>
</errors>
</robot>
